[0303/014251.776:ERROR:process_memory_win.cc(73)] ReadMemory at 0x7ff7a3ba0000 of 64 bytes failed: Only part of a ReadProcessMemory or WriteProcessMemory request was completed. (0x12B)
[0303/014251.776:WARNING:pe_image_reader.cc(340)] could not read dos header from C:\Program Files (x86)\Google\Chrome\Application\chrome.exe
[0303/014251.777:ERROR:process_memory_win.cc(73)] ReadMemory at 0x238c8913a90 of 72 bytes failed: Only part of a ReadProcessMemory or WriteProcessMemory request was completed. (0x12B)
[0303/014251.777:WARNING:pe_image_annotations_reader.cc(134)] could not read annotations list object in C:\Program Files (x86)\Google\Chrome\Application\80.0.3987.122\chrome_elf.dll
[0303/014251.777:ERROR:process_memory_win.cc(73)] ReadMemory at 0x7ffc06340000 of 64 bytes failed: Only part of a ReadProcessMemory or WriteProcessMemory request was completed. (0x12B)
[0303/014251.777:WARNING:pe_image_reader.cc(340)] could not read dos header from C:\Program Files (x86)\Google\Chrome\Application\80.0.3987.122\chrome.dll
[0303/014251.778:ERROR:process_memory_win.cc(73)] ReadMemory at 0x7ffc371c0000 of 64 bytes failed: Only part of a ReadProcessMemory or WriteProcessMemory request was completed. (0x12B)
[0303/014251.778:WARNING:pe_image_reader.cc(340)] could not read dos header from C:\Windows\System32\ucrtbase.dll
[0303/014251.778:ERROR:process_memory_win.cc(73)] ReadMemory at 0x7ffc37160000 of 64 bytes failed: Only part of a ReadProcessMemory or WriteProcessMemory request was completed. (0x12B)
[0303/014251.778:WARNING:pe_image_reader.cc(340)] could not read dos header from C:\Windows\System32\WINTRUST.dll
[0303/014251.778:ERROR:process_memory_win.cc(73)] ReadMemory at 0x7ffc36e60000 of 64 bytes failed: Only part of a ReadProcessMemory or WriteProcessMemory request was completed. (0x12B)
[0303/014251.778:WARNING:pe_image_reader.cc(340)] could not read dos header from C:\Windows\System32\MSASN1.dll
[0303/014251.778:ERROR:process_memory_win.cc(73)] ReadMemory at 0x7ffc37a90000 of 64 bytes failed: Only part of a ReadProcessMemory or WriteProcessMemory request was completed. (0x12B)
[0303/014251.778:WARNING:pe_image_reader.cc(340)] could not read dos header from C:\Windows\System32\CRYPT32.dll
[0303/014251.778:ERROR:process_memory_win.cc(73)] ReadMemory at 0x7ffc36370000 of 64 bytes failed: Only part of a ReadProcessMemory or WriteProcessMemory request was completed. (0x12B)
[0303/014251.778:WARNING:pe_image_reader.cc(340)] could not read dos header from C:\Windows\SYSTEM32\IPHLPAPI.DLL
[0303/014251.778:ERROR:process_memory_win.cc(73)] ReadMemory at 0x7ffc34870000 of 64 bytes failed: Only part of a ReadProcessMemory or WriteProcessMemory request was completed. (0x12B)
[0303/014251.778:WARNING:pe_image_reader.cc(340)] could not read dos header from C:\Windows\SYSTEM32\WINMM.dll
[0303/014251.778:ERROR:process_memory_win.cc(73)] ReadMemory at 0x7ffc2aec0000 of 64 bytes failed: Only part of a ReadProcessMemory or WriteProcessMemory request was completed. (0x12B)
[0303/014251.778:WARNING:pe_image_reader.cc(340)] could not read dos header from C:\Windows\SYSTEM32\Secur32.dll
[0303/014251.778:ERROR:process_memory_win.cc(73)] ReadMemory at 0x7ffc36d40000 of 64 bytes failed: Only part of a ReadProcessMemory or WriteProcessMemory request was completed. (0x12B)
[0303/014251.778:WARNING:pe_image_reader.cc(340)] could not read dos header from C:\Windows\SYSTEM32\USERENV.dll
[0303/014251.778:ERROR:process_memory_win.cc(73)] ReadMemory at 0x7ffc36e80000 of 64 bytes failed: Only part of a ReadProcessMemory or WriteProcessMemory request was completed. (0x12B)
[0303/014251.778:WARNING:pe_image_reader.cc(340)] could not read dos header from C:\Windows\System32\profapi.dll
[0303/014251.778:ERROR:process_memory_win.cc(73)] ReadMemory at 0x7ffc27630000 of 64 bytes failed: Only part of a ReadProcessMemory or WriteProcessMemory request was completed. (0x12B)
[0303/014251.778:WARNING:pe_image_reader.cc(340)] could not read dos header from C:\Windows\SYSTEM32\UIAutomationCore.DLL
[0303/014251.778:ERROR:process_memory_win.cc(73)] ReadMemory at 0x7ffc28500000 of 64 bytes failed: Only part of a ReadProcessMemory or WriteProcessMemory request was completed. (0x12B)
[0303/014251.778:WARNING:pe_image_reader.cc(340)] could not read dos header from C:\Windows\SYSTEM32\DWrite.dll
[0303/014251.778:ERROR:process_memory_win.cc(73)] ReadMemory at 0x7ffc268d0000 of 64 bytes failed: Only part of a ReadProcessMemory or WriteProcessMemory request was completed. (0x12B)
[0303/014251.779:WARNING:pe_image_reader.cc(340)] could not read dos header from C:\Windows\SYSTEM32\WINSPOOL.DRV
[0303/014251.779:ERROR:process_memory_win.cc(73)] ReadMemory at 0x7ffc36ef0000 of 64 bytes failed: Only part of a ReadProcessMemory or WriteProcessMemory request was completed. (0x12B)
[0303/014251.779:WARNING:pe_image_reader.cc(340)] could not read dos header from C:\Windows\System32\kernel.appcore.dll
[0303/014251.779:ERROR:process_memory_win.cc(73)] ReadMemory at 0x7ffc37fd0000 of 64 bytes failed: Only part of a ReadProcessMemory or WriteProcessMemory request was completed. (0x12B)
[0303/014251.779:WARNING:pe_image_reader.cc(340)] could not read dos header from C:\Windows\System32\bcrypt.dll
[0303/014251.779:ERROR:process_memory_win.cc(73)] ReadMemory at 0x7ffc0f980000 of 64 bytes failed: Only part of a ReadProcessMemory or WriteProcessMemory request was completed. (0x12B)
[0303/014251.779:WARNING:pe_image_reader.cc(340)] could not read dos header from C:\Windows\SYSTEM32\dbghelp.dll
[0303/014251.779:ERROR:process_memory_win.cc(73)] ReadMemory at 0x7ffc313c0000 of 64 bytes failed: Only part of a ReadProcessMemory or WriteProcessMemory request was completed. (0x12B)
[0303/014251.779:WARNING:pe_image_reader.cc(340)] could not read dos header from C:\Windows\SYSTEM32\WINHTTP.dll
[0303/014251.779:ERROR:process_memory_win.cc(73)] ReadMemory at 0x7ffc31070000 of 64 bytes failed: Only part of a ReadProcessMemory or WriteProcessMemory request was completed. (0x12B)
[0303/014251.779:WARNING:pe_image_reader.cc(340)] could not read dos header from C:\Windows\SYSTEM32\dhcpcsvc.DLL
[0303/014251.779:ERROR:process_memory_win.cc(73)] ReadMemory at 0x7ffc38ef0000 of 64 bytes failed: Only part of a ReadProcessMemory or WriteProcessMemory request was completed. (0x12B)
[0303/014251.779:WARNING:pe_image_reader.cc(340)] could not read dos header from C:\Windows\System32\NSI.dll
[0303/014251.779:ERROR:process_memory_win.cc(73)] ReadMemory at 0x7ffc34180000 of 64 bytes failed: Only part of a ReadProcessMemory or WriteProcessMemory request was completed. (0x12B)
[0303/014251.779:WARNING:pe_image_reader.cc(340)] could not read dos header from C:\Windows\SYSTEM32\WINMMBASE.dll
[0303/014251.779:ERROR:process_memory_win.cc(73)] ReadMemory at 0x7ffc37a40000 of 64 bytes failed: Only part of a ReadProcessMemory or WriteProcessMemory request was completed. (0x12B)
[0303/014251.779:WARNING:pe_image_reader.cc(340)] could not read dos header from C:\Windows\System32\cfgmgr32.dll
[0303/014251.779:ERROR:process_memory_win.cc(73)] ReadMemory at 0x7ffc33810000 of 64 bytes failed: Only part of a ReadProcessMemory or WriteProcessMemory request was completed. (0x12B)
[0303/014251.779:WARNING:pe_image_reader.cc(340)] could not read dos header from C:\Windows\SYSTEM32\PROPSYS.dll
[0303/014251.779:ERROR:process_memory_win.cc(73)] ReadMemory at 0x7ffc382a0000 of 64 bytes failed: Only part of a ReadProcessMemory or WriteProcessMemory request was completed. (0x12B)
[0303/014251.779:WARNING:pe_image_reader.cc(340)] could not read dos header from C:\Windows\System32\shcore.dll
[0303/014251.779:ERROR:process_memory_win.cc(73)] ReadMemory at 0x7ffc36d70000 of 64 bytes failed: Only part of a ReadProcessMemory or WriteProcessMemory request was completed. (0x12B)
[0303/014251.779:WARNING:pe_image_reader.cc(340)] could not read dos header from C:\Windows\SYSTEM32\SSPICLI.DLL
[0303/014251.779:ERROR:process_memory_win.cc(73)] ReadMemory at 0x7ffc36830000 of 64 bytes failed: Only part of a ReadProcessMemory or WriteProcessMemory request was completed. (0x12B)
[0303/014251.779:WARNING:pe_image_reader.cc(340)] could not read dos header from C:\Windows\SYSTEM32\CRYPTBASE.DLL
[0303/014251.780:ERROR:process_memory_win.cc(73)] ReadMemory at 0x7ff7a3ba0000 of 64 bytes failed: Only part of a ReadProcessMemory or WriteProcessMemory request was completed. (0x12B)
[0303/014251.780:WARNING:pe_image_reader.cc(340)] could not read dos header from C:\Program Files (x86)\Google\Chrome\Application\chrome.exe
[0303/014251.780:ERROR:process_memory_win.cc(73)] ReadMemory at 0x7ffc39f80000 of 64 bytes failed: Only part of a ReadProcessMemory or WriteProcessMemory request was completed. (0x12B)
[0303/014251.780:WARNING:pe_image_reader.cc(340)] could not read dos header from C:\Windows\SYSTEM32\ntdll.dll
[0303/014251.780:ERROR:process_memory_win.cc(73)] ReadMemory at 0x7ffc39bd0000 of 64 bytes failed: Only part of a ReadProcessMemory or WriteProcessMemory request was completed. (0x12B)
[0303/014251.780:WARNING:pe_image_reader.cc(340)] could not read dos header from C:\Windows\System32\KERNEL32.DLL
[0303/014251.780:ERROR:process_memory_win.cc(73)] ReadMemory at 0x7ffc37d20000 of 64 bytes failed: Only part of a ReadProcessMemory or WriteProcessMemory request was completed. (0x12B)
[0303/014251.780:WARNING:pe_image_reader.cc(340)] could not read dos header from C:\Windows\System32\KERNELBASE.dll
[0303/014251.780:ERROR:process_memory_win.cc(73)] ReadMemory at 0x7ffc13f70000 of 64 bytes failed: Only part of a ReadProcessMemory or WriteProcessMemory request was completed. (0x12B)
[0303/014251.780:WARNING:pe_image_reader.cc(340)] could not read dos header from C:\Program Files (x86)\Google\Chrome\Application\80.0.3987.122\chrome_elf.dll
[0303/014251.780:ERROR:process_memory_win.cc(73)] ReadMemory at 0x7ffc2d710000 of 64 bytes failed: Only part of a ReadProcessMemory or WriteProcessMemory request was completed. (0x12B)
[0303/014251.780:WARNING:pe_image_reader.cc(340)] could not read dos header from C:\Windows\SYSTEM32\VERSION.dll
[0303/014251.780:ERROR:process_memory_win.cc(73)] ReadMemory at 0x7ffc390c0000 of 64 bytes failed: Only part of a ReadProcessMemory or WriteProcessMemory request was completed. (0x12B)
[0303/014251.780:WARNING:pe_image_reader.cc(340)] could not read dos header from C:\Windows\System32\msvcrt.dll
[0303/014251.780:ERROR:process_memory_win.cc(73)] ReadMemory at 0x7ffc37c80000 of 64 bytes failed: Only part of a ReadProcessMemory or WriteProcessMemory request was completed. (0x12B)
[0303/014251.780:WARNING:pe_image_reader.cc(340)] could not read dos header from C:\Windows\System32\bcryptPrimitives.dll
[0303/014251.780:ERROR:process_memory_win.cc(73)] ReadMemory at 0x7ffc38f90000 of 64 bytes failed: Only part of a ReadProcessMemory or WriteProcessMemory request was completed. (0x12B)
[0303/014251.780:WARNING:pe_image_reader.cc(340)] could not read dos header from C:\Windows\System32\ADVAPI32.dll
[0303/014251.780:ERROR:process_memory_win.cc(73)] ReadMemory at 0x7ffc399a0000 of 64 bytes failed: Only part of a ReadProcessMemory or WriteProcessMemory request was completed. (0x12B)
[0303/014251.780:WARNING:pe_image_reader.cc(340)] could not read dos header from C:\Windows\System32\sechost.dll
[0303/014251.780:ERROR:process_memory_win.cc(73)] ReadMemory at 0x7ffc39a40000 of 64 bytes failed: Only part of a ReadProcessMemory or WriteProcessMemory request was completed. (0x12B)
[0303/014251.780:WARNING:pe_image_reader.cc(340)] could not read dos header from C:\Windows\System32\RPCRT4.dll
[0303/014251.780:ERROR:process_memory_win.cc(73)] ReadMemory at 0x7ffc06340000 of 64 bytes failed: Only part of a ReadProcessMemory or WriteProcessMemory request was completed. (0x12B)
[0303/014251.781:WARNING:pe_image_reader.cc(340)] could not read dos header from C:\Program Files (x86)\Google\Chrome\Application\80.0.3987.122\chrome.dll
[0303/014251.781:ERROR:process_memory_win.cc(73)] ReadMemory at 0x7ffc381d0000 of 64 bytes failed: Only part of a ReadProcessMemory or WriteProcessMemory request was completed. (0x12B)
[0303/014251.781:WARNING:pe_image_reader.cc(340)] could not read dos header from C:\Windows\System32\WS2_32.dll
[0303/014251.781:ERROR:process_memory_win.cc(73)] ReadMemory at 0x7ffc398d0000 of 64 bytes failed: Only part of a ReadProcessMemory or WriteProcessMemory request was completed. (0x12B)
[0303/014251.781:WARNING:pe_image_reader.cc(340)] could not read dos header from C:\Windows\System32\OLEAUT32.dll
[0303/014251.781:ERROR:process_memory_win.cc(73)] ReadMemory at 0x7ffc37be0000 of 64 bytes failed: Only part of a ReadProcessMemory or WriteProcessMemory request was completed. (0x12B)
[0303/014251.781:WARNING:pe_image_reader.cc(340)] could not read dos header from C:\Windows\System32\msvcp_win.dll
[0303/014251.781:ERROR:process_memory_win.cc(73)] ReadMemory at 0x7ffc371c0000 of 64 bytes failed: Only part of a ReadProcessMemory or WriteProcessMemory request was completed. (0x12B)
[0303/014251.781:WARNING:pe_image_reader.cc(340)] could not read dos header from C:\Windows\System32\ucrtbase.dll
[0303/014251.781:ERROR:process_memory_win.cc(73)] ReadMemory at 0x7ffc38710000 of 64 bytes failed: Only part of a ReadProcessMemory or WriteProcessMemory request was completed. (0x12B)
[0303/014251.781:WARNING:pe_image_reader.cc(340)] could not read dos header from C:\Windows\System32\combase.dll
[0303/014251.781:ERROR:process_memory_win.cc(73)] ReadMemory at 0x7ffc37160000 of 64 bytes failed: Only part of a ReadProcessMemory or WriteProcessMemory request was completed. (0x12B)
[0303/014251.781:WARNING:pe_image_reader.cc(340)] could not read dos header from C:\Windows\System32\WINTRUST.dll
[0303/014251.781:ERROR:process_memory_win.cc(73)] ReadMemory at 0x7ffc36e60000 of 64 bytes failed: Only part of a ReadProcessMemory or WriteProcessMemory request was completed. (0x12B)
[0303/014251.781:WARNING:pe_image_reader.cc(340)] could not read dos header from C:\Windows\System32\MSASN1.dll
[0303/014251.781:ERROR:process_memory_win.cc(73)] ReadMemory at 0x7ffc37a90000 of 64 bytes failed: Only part of a ReadProcessMemory or WriteProcessMemory request was completed. (0x12B)
[0303/014251.781:WARNING:pe_image_reader.cc(340)] could not read dos header from C:\Windows\System32\CRYPT32.dll
[0303/014251.781:ERROR:process_memory_win.cc(73)] ReadMemory at 0x7ffc36370000 of 64 bytes failed: Only part of a ReadProcessMemory or WriteProcessMemory request was completed. (0x12B)
[0303/014251.781:WARNING:pe_image_reader.cc(340)] could not read dos header from C:\Windows\SYSTEM32\IPHLPAPI.DLL
[0303/014251.781:ERROR:process_memory_win.cc(73)] ReadMemory at 0x7ffc34870000 of 64 bytes failed: Only part of a ReadProcessMemory or WriteProcessMemory request was completed. (0x12B)
[0303/014251.781:WARNING:pe_image_reader.cc(340)] could not read dos header from C:\Windows\SYSTEM32\WINMM.dll
[0303/014251.781:ERROR:process_memory_win.cc(73)] ReadMemory at 0x7ffc2aec0000 of 64 bytes failed: Only part of a ReadProcessMemory or WriteProcessMemory request was completed. (0x12B)
[0303/014251.781:WARNING:pe_image_reader.cc(340)] could not read dos header from C:\Windows\SYSTEM32\Secur32.dll
[0303/014251.781:ERROR:process_memory_win.cc(73)] ReadMemory at 0x7ffc36d40000 of 64 bytes failed: Only part of a ReadProcessMemory or WriteProcessMemory request was completed. (0x12B)
[0303/014251.781:WARNING:pe_image_reader.cc(340)] could not read dos header from C:\Windows\SYSTEM32\USERENV.dll
[0303/014251.781:ERROR:process_memory_win.cc(73)] ReadMemory at 0x7ffc36e80000 of 64 bytes failed: Only part of a ReadProcessMemory or WriteProcessMemory request was completed. (0x12B)
[0303/014251.781:WARNING:pe_image_reader.cc(340)] could not read dos header from C:\Windows\System32\profapi.dll
[0303/014251.781:ERROR:process_memory_win.cc(73)] ReadMemory at 0x7ffc27630000 of 64 bytes failed: Only part of a ReadProcessMemory or WriteProcessMemory request was completed. (0x12B)
[0303/014251.781:WARNING:pe_image_reader.cc(340)] could not read dos header from C:\Windows\SYSTEM32\UIAutomationCore.DLL
[0303/014251.781:ERROR:process_memory_win.cc(73)] ReadMemory at 0x7ffc28500000 of 64 bytes failed: Only part of a ReadProcessMemory or WriteProcessMemory request was completed. (0x12B)
[0303/014251.781:WARNING:pe_image_reader.cc(340)] could not read dos header from C:\Windows\SYSTEM32\DWrite.dll
[0303/014251.781:ERROR:process_memory_win.cc(73)] ReadMemory at 0x7ffc268d0000 of 64 bytes failed: Only part of a ReadProcessMemory or WriteProcessMemory request was completed. (0x12B)
[0303/014251.782:WARNING:pe_image_reader.cc(340)] could not read dos header from C:\Windows\SYSTEM32\WINSPOOL.DRV
[0303/014251.782:ERROR:process_memory_win.cc(73)] ReadMemory at 0x7ffc36ef0000 of 64 bytes failed: Only part of a ReadProcessMemory or WriteProcessMemory request was completed. (0x12B)
[0303/014251.782:WARNING:pe_image_reader.cc(340)] could not read dos header from C:\Windows\System32\kernel.appcore.dll
[0303/014251.782:ERROR:process_memory_win.cc(73)] ReadMemory at 0x7ffc37fd0000 of 64 bytes failed: Only part of a ReadProcessMemory or WriteProcessMemory request was completed. (0x12B)
[0303/014251.782:WARNING:pe_image_reader.cc(340)] could not read dos header from C:\Windows\System32\bcrypt.dll
[0303/014251.782:ERROR:process_memory_win.cc(73)] ReadMemory at 0x7ffc0f980000 of 64 bytes failed: Only part of a ReadProcessMemory or WriteProcessMemory request was completed. (0x12B)
[0303/014251.782:WARNING:pe_image_reader.cc(340)] could not read dos header from C:\Windows\SYSTEM32\dbghelp.dll
[0303/014251.782:ERROR:process_memory_win.cc(73)] ReadMemory at 0x7ffc313c0000 of 64 bytes failed: Only part of a ReadProcessMemory or WriteProcessMemory request was completed. (0x12B)
[0303/014251.782:WARNING:pe_image_reader.cc(340)] could not read dos header from C:\Windows\SYSTEM32\WINHTTP.dll
[0303/014251.782:ERROR:process_memory_win.cc(73)] ReadMemory at 0x7ffc31070000 of 64 bytes failed: Only part of a ReadProcessMemory or WriteProcessMemory request was completed. (0x12B)
[0303/014251.782:WARNING:pe_image_reader.cc(340)] could not read dos header from C:\Windows\SYSTEM32\dhcpcsvc.DLL
[0303/014251.782:ERROR:process_memory_win.cc(73)] ReadMemory at 0x7ffc38ef0000 of 64 bytes failed: Only part of a ReadProcessMemory or WriteProcessMemory request was completed. (0x12B)
[0303/014251.782:WARNING:pe_image_reader.cc(340)] could not read dos header from C:\Windows\System32\NSI.dll
[0303/014251.782:ERROR:process_memory_win.cc(73)] ReadMemory at 0x7ffc34180000 of 64 bytes failed: Only part of a ReadProcessMemory or WriteProcessMemory request was completed. (0x12B)
[0303/014251.782:WARNING:pe_image_reader.cc(340)] could not read dos header from C:\Windows\SYSTEM32\WINMMBASE.dll
[0303/014251.782:ERROR:process_memory_win.cc(73)] ReadMemory at 0x7ffc37a40000 of 64 bytes failed: Only part of a ReadProcessMemory or WriteProcessMemory request was completed. (0x12B)
[0303/014251.782:WARNING:pe_image_reader.cc(340)] could not read dos header from C:\Windows\System32\cfgmgr32.dll
[0303/014251.782:ERROR:process_memory_win.cc(73)] ReadMemory at 0x7ffc33810000 of 64 bytes failed: Only part of a ReadProcessMemory or WriteProcessMemory request was completed. (0x12B)
[0303/014251.782:WARNING:pe_image_reader.cc(340)] could not read dos header from C:\Windows\SYSTEM32\PROPSYS.dll
[0303/014251.782:ERROR:process_memory_win.cc(73)] ReadMemory at 0x7ffc382a0000 of 64 bytes failed: Only part of a ReadProcessMemory or WriteProcessMemory request was completed. (0x12B)
[0303/014251.782:WARNING:pe_image_reader.cc(340)] could not read dos header from C:\Windows\System32\shcore.dll
[0303/014251.782:ERROR:process_memory_win.cc(73)] ReadMemory at 0x7ffc36d70000 of 64 bytes failed: Only part of a ReadProcessMemory or WriteProcessMemory request was completed. (0x12B)
[0303/014251.782:WARNING:pe_image_reader.cc(340)] could not read dos header from C:\Windows\SYSTEM32\SSPICLI.DLL
[0303/014251.782:ERROR:process_memory_win.cc(73)] ReadMemory at 0x7ffc36830000 of 64 bytes failed: Only part of a ReadProcessMemory or WriteProcessMemory request was completed. (0x12B)
[0303/014251.782:WARNING:pe_image_reader.cc(340)] could not read dos header from C:\Windows\SYSTEM32\CRYPTBASE.DLL
[0303/014251.790:ERROR:process_memory_win.cc(73)] ReadMemory at 0xb7b79f9000 of 28672 bytes failed: Only part of a ReadProcessMemory or WriteProcessMemory request was completed. (0x12B)
[0303/014251.791:ERROR:process_memory_win.cc(73)] ReadMemory at 0xb7b81fd000 of 12288 bytes failed: Only part of a ReadProcessMemory or WriteProcessMemory request was completed. (0x12B)
[0303/014251.791:ERROR:process_memory_win.cc(73)] ReadMemory at 0xb7b89fc000 of 16384 bytes failed: Only part of a ReadProcessMemory or WriteProcessMemory request was completed. (0x12B)
[0303/014251.791:ERROR:process_memory_win.cc(73)] ReadMemory at 0xb7b91fc000 of 16384 bytes failed: Only part of a ReadProcessMemory or WriteProcessMemory request was completed. (0x12B)
[0303/014251.791:ERROR:process_memory_win.cc(73)] ReadMemory at 0xb7b99fb000 of 20480 bytes failed: Only part of a ReadProcessMemory or WriteProcessMemory request was completed. (0x12B)
[0303/014251.791:ERROR:process_memory_win.cc(73)] ReadMemory at 0xb7ba1fe000 of 8192 bytes failed: Only part of a ReadProcessMemory or WriteProcessMemory request was completed. (0x12B)
[0303/014251.791:ERROR:process_memory_win.cc(73)] ReadMemory at 0xb7ba9fd000 of 12288 bytes failed: Only part of a ReadProcessMemory or WriteProcessMemory request was completed. (0x12B)
[0303/014251.791:ERROR:process_memory_win.cc(73)] ReadMemory at 0xb7bb1fb000 of 20480 bytes failed: Only part of a ReadProcessMemory or WriteProcessMemory request was completed. (0x12B)
[0303/014251.791:ERROR:process_memory_win.cc(73)] ReadMemory at 0xb7bb9fd000 of 12288 bytes failed: Only part of a ReadProcessMemory or WriteProcessMemory request was completed. (0x12B)
[0303/014251.791:ERROR:process_memory_win.cc(73)] ReadMemory at 0xb7bc1fd000 of 12288 bytes failed: Only part of a ReadProcessMemory or WriteProcessMemory request was completed. (0x12B)
[0303/014251.792:ERROR:process_memory_win.cc(73)] ReadMemory at 0xb7bc9fd000 of 12288 bytes failed: Only part of a ReadProcessMemory or WriteProcessMemory request was completed. (0x12B)
[0303/014251.792:ERROR:process_memory_win.cc(73)] ReadMemory at 0xb7bd1fd000 of 12288 bytes failed: Only part of a ReadProcessMemory or WriteProcessMemory request was completed. (0x12B)
[0303/014251.792:ERROR:process_memory_win.cc(73)] ReadMemory at 0xb7bd9fd000 of 12288 bytes failed: Only part of a ReadProcessMemory or WriteProcessMemory request was completed. (0x12B)
[0303/014251.792:ERROR:process_memory_win.cc(73)] ReadMemory at 0xb7be1fd000 of 12288 bytes failed: Only part of a ReadProcessMemory or WriteProcessMemory request was completed. (0x12B)
[0303/014251.792:ERROR:process_memory_win.cc(73)] ReadMemory at 0xb7be9fd000 of 12288 bytes failed: Only part of a ReadProcessMemory or WriteProcessMemory request was completed. (0x12B)
[0303/014251.792:ERROR:process_memory_win.cc(73)] ReadMemory at 0xb7bf1fd000 of 12288 bytes failed: Only part of a ReadProcessMemory or WriteProcessMemory request was completed. (0x12B)
[0303/014251.792:ERROR:process_memory_win.cc(73)] ReadMemory at 0xb7bf9fd000 of 12288 bytes failed: Only part of a ReadProcessMemory or WriteProcessMemory request was completed. (0x12B)
[0303/014251.792:ERROR:process_memory_win.cc(73)] ReadMemory at 0xb7b713f000 of 852 bytes failed: Only part of a ReadProcessMemory or WriteProcessMemory request was completed. (0x12B)
[0303/014251.792:ERROR:process_memory_win.cc(73)] ReadMemory at 0xb7b7140000 of 6024 bytes failed: Only part of a ReadProcessMemory or WriteProcessMemory request was completed. (0x12B)
[0303/014251.792:ERROR:process_memory_win.cc(73)] ReadMemory at 0xb7b7142000 of 6024 bytes failed: Only part of a ReadProcessMemory or WriteProcessMemory request was completed. (0x12B)
[0303/014251.793:ERROR:process_memory_win.cc(73)] ReadMemory at 0xb7b7144000 of 6024 bytes failed: Only part of a ReadProcessMemory or WriteProcessMemory request was completed. (0x12B)
[0303/014251.793:ERROR:process_memory_win.cc(73)] ReadMemory at 0xb7b7146000 of 6024 bytes failed: Only part of a ReadProcessMemory or WriteProcessMemory request was completed. (0x12B)
[0303/014251.793:ERROR:process_memory_win.cc(73)] ReadMemory at 0xb7b7148000 of 6024 bytes failed: Only part of a ReadProcessMemory or WriteProcessMemory request was completed. (0x12B)
[0303/014251.793:ERROR:process_memory_win.cc(73)] ReadMemory at 0xb7b714a000 of 6024 bytes failed: Only part of a ReadProcessMemory or WriteProcessMemory request was completed. (0x12B)
[0303/014251.793:ERROR:process_memory_win.cc(73)] ReadMemory at 0xb7b714c000 of 6024 bytes failed: Only part of a ReadProcessMemory or WriteProcessMemory request was completed. (0x12B)
[0303/014251.793:ERROR:process_memory_win.cc(73)] ReadMemory at 0xb7b714e000 of 6024 bytes failed: Only part of a ReadProcessMemory or WriteProcessMemory request was completed. (0x12B)
[0303/014251.793:ERROR:process_memory_win.cc(73)] ReadMemory at 0xb7b7150000 of 6024 bytes failed: Only part of a ReadProcessMemory or WriteProcessMemory request was completed. (0x12B)
[0303/014251.793:ERROR:process_memory_win.cc(73)] ReadMemory at 0xb7b7152000 of 6024 bytes failed: Only part of a ReadProcessMemory or WriteProcessMemory request was completed. (0x12B)
[0303/014251.793:ERROR:process_memory_win.cc(73)] ReadMemory at 0xb7b7154000 of 6024 bytes failed: Only part of a ReadProcessMemory or WriteProcessMemory request was completed. (0x12B)
[0303/014251.793:ERROR:process_memory_win.cc(73)] ReadMemory at 0xb7b7156000 of 6024 bytes failed: Only part of a ReadProcessMemory or WriteProcessMemory request was completed. (0x12B)
[0303/014251.793:ERROR:process_memory_win.cc(73)] ReadMemory at 0xb7b7158000 of 6024 bytes failed: Only part of a ReadProcessMemory or WriteProcessMemory request was completed. (0x12B)
[0303/014251.794:ERROR:process_memory_win.cc(73)] ReadMemory at 0xb7b715a000 of 6024 bytes failed: Only part of a ReadProcessMemory or WriteProcessMemory request was completed. (0x12B)
[0303/014251.794:ERROR:process_memory_win.cc(73)] ReadMemory at 0xb7b715c000 of 6024 bytes failed: Only part of a ReadProcessMemory or WriteProcessMemory request was completed. (0x12B)
[0303/014251.794:ERROR:process_memory_win.cc(73)] ReadMemory at 0xb7b715e000 of 6024 bytes failed: Only part of a ReadProcessMemory or WriteProcessMemory request was completed. (0x12B)
[0303/014251.794:ERROR:process_memory_win.cc(73)] ReadMemory at 0xb7b7160000 of 6024 bytes failed: Only part of a ReadProcessMemory or WriteProcessMemory request was completed. (0x12B)
[0303/014251.794:ERROR:process_memory_win.cc(73)] ReadMemory at 0x238c8780fe0 of 4096 bytes failed: Only part of a ReadProcessMemory or WriteProcessMemory request was completed. (0x12B)
[0303/014251.794:ERROR:process_memory_win.cc(73)] ReadMemory at 0x238c8781ff0 of 1012 bytes failed: Only part of a ReadProcessMemory or WriteProcessMemory request was completed. (0x12B)
[0303/014251.794:ERROR:process_memory_win.cc(73)] ReadMemory at 0x238c8782638 of 118 bytes failed: Only part of a ReadProcessMemory or WriteProcessMemory request was completed. (0x12B)
[0303/014251.794:ERROR:process_memory_win.cc(73)] ReadMemory at 0x238c87826b0 of 754 bytes failed: Only part of a ReadProcessMemory or WriteProcessMemory request was completed. (0x12B)
[0303/014251.794:ERROR:process_memory_win.cc(73)] ReadMemory at 0x238c87829a4 of 118 bytes failed: Only part of a ReadProcessMemory or WriteProcessMemory request was completed. (0x12B)
[0303/014251.794:ERROR:process_memory_win.cc(73)] ReadMemory at 0x238c8782a1c of 94 bytes failed: Only part of a ReadProcessMemory or WriteProcessMemory request was completed. (0x12B)
[0303/014251.794:ERROR:process_memory_win.cc(73)] ReadMemory at 0x238c8782a90 of 58 bytes failed: Only part of a ReadProcessMemory or WriteProcessMemory request was completed. (0x12B)
[0303/014251.795:ERROR:process_memory_win.cc(73)] ReadMemory at 0x238c8782b90 of 132 bytes failed: Only part of a ReadProcessMemory or WriteProcessMemory request was completed. (0x12B)
[0303/014251.795:ERROR:process_memory_win.cc(73)] ReadMemory at 0x238c8782d20 of 132 bytes failed: Only part of a ReadProcessMemory or WriteProcessMemory request was completed. (0x12B)
[0303/014251.795:ERROR:process_memory_win.cc(73)] ReadMemory at 0x238c8782ee0 of 126 bytes failed: Only part of a ReadProcessMemory or WriteProcessMemory request was completed. (0x12B)
[0303/014251.795:ERROR:process_memory_win.cc(73)] ReadMemory at 0x238c87832c0 of 132 bytes failed: Only part of a ReadProcessMemory or WriteProcessMemory request was completed. (0x12B)
[0303/014251.795:ERROR:process_memory_win.cc(73)] ReadMemory at 0x238c8783450 of 64 bytes failed: Only part of a ReadProcessMemory or WriteProcessMemory request was completed. (0x12B)
[0303/014251.795:ERROR:process_memory_win.cc(73)] ReadMemory at 0x238c8783610 of 132 bytes failed: Only part of a ReadProcessMemory or WriteProcessMemory request was completed. (0x12B)
[0303/014251.795:ERROR:process_memory_win.cc(73)] ReadMemory at 0x238c87838b0 of 132 bytes failed: Only part of a ReadProcessMemory or WriteProcessMemory request was completed. (0x12B)
[0303/014251.795:ERROR:process_memory_win.cc(73)] ReadMemory at 0x238c8783a40 of 68 bytes failed: Only part of a ReadProcessMemory or WriteProcessMemory request was completed. (0x12B)
[0303/014251.795:ERROR:process_memory_win.cc(73)] ReadMemory at 0x238c8784b10 of 132 bytes failed: Only part of a ReadProcessMemory or WriteProcessMemory request was completed. (0x12B)
[0303/014251.795:ERROR:process_memory_win.cc(73)] ReadMemory at 0x238c8784ca0 of 154 bytes failed: Only part of a ReadProcessMemory or WriteProcessMemory request was completed. (0x12B)
[0303/014251.795:ERROR:process_memory_win.cc(73)] ReadMemory at 0x238c8785ab0 of 62 bytes failed: Only part of a ReadProcessMemory or WriteProcessMemory request was completed. (0x12B)
[0303/014251.795:ERROR:process_memory_win.cc(73)] ReadMemory at 0x238c8785b30 of 146 bytes failed: Only part of a ReadProcessMemory or WriteProcessMemory request was completed. (0x12B)
[0303/014251.795:ERROR:process_memory_win.cc(73)] ReadMemory at 0x238c8785c70 of 60 bytes failed: Only part of a ReadProcessMemory or WriteProcessMemory request was completed. (0x12B)
[0303/014251.795:ERROR:process_memory_win.cc(73)] ReadMemory at 0x238c87861a0 of 132 bytes failed: Only part of a ReadProcessMemory or WriteProcessMemory request was completed. (0x12B)
[0303/014251.795:ERROR:process_memory_win.cc(73)] ReadMemory at 0x238c8786920 of 132 bytes failed: Only part of a ReadProcessMemory or WriteProcessMemory request was completed. (0x12B)
[0303/014251.796:ERROR:process_memory_win.cc(73)] ReadMemory at 0x238c8786b30 of 132 bytes failed: Only part of a ReadProcessMemory or WriteProcessMemory request was completed. (0x12B)
[0303/014251.796:ERROR:process_memory_win.cc(73)] ReadMemory at 0x238c8789850 of 132 bytes failed: Only part of a ReadProcessMemory or WriteProcessMemory request was completed. (0x12B)
[0303/014251.796:ERROR:process_memory_win.cc(73)] ReadMemory at 0x238c8789980 of 132 bytes failed: Only part of a ReadProcessMemory or WriteProcessMemory request was completed. (0x12B)
[0303/014251.796:ERROR:process_memory_win.cc(73)] ReadMemory at 0x238c8789b10 of 80 bytes failed: Only part of a ReadProcessMemory or WriteProcessMemory request was completed. (0x12B)
[0303/014251.796:ERROR:process_memory_win.cc(73)] ReadMemory at 0x238c8789d50 of 64 bytes failed: Only part of a ReadProcessMemory or WriteProcessMemory request was completed. (0x12B)
[0303/014251.796:ERROR:process_memory_win.cc(73)] ReadMemory at 0x238c8789df0 of 64 bytes failed: Only part of a ReadProcessMemory or WriteProcessMemory request was completed. (0x12B)
[0303/014251.796:ERROR:process_memory_win.cc(73)] ReadMemory at 0x238c8789e40 of 66 bytes failed: Only part of a ReadProcessMemory or WriteProcessMemory request was completed. (0x12B)
[0303/014251.796:ERROR:process_memory_win.cc(73)] ReadMemory at 0x238c8789e90 of 64 bytes failed: Only part of a ReadProcessMemory or WriteProcessMemory request was completed. (0x12B)
[0303/014251.796:ERROR:process_memory_win.cc(73)] ReadMemory at 0x238c8789ee0 of 62 bytes failed: Only part of a ReadProcessMemory or WriteProcessMemory request was completed. (0x12B)
[0303/014251.796:ERROR:process_memory_win.cc(73)] ReadMemory at 0x238c8789fd0 of 60 bytes failed: Only part of a ReadProcessMemory or WriteProcessMemory request was completed. (0x12B)
[0303/014251.796:ERROR:process_memory_win.cc(73)] ReadMemory at 0x238c878a110 of 62 bytes failed: Only part of a ReadProcessMemory or WriteProcessMemory request was completed. (0x12B)
[0303/014251.796:ERROR:process_memory_win.cc(73)] ReadMemory at 0x238c878a160 of 60 bytes failed: Only part of a ReadProcessMemory or WriteProcessMemory request was completed. (0x12B)
[0303/014251.797:ERROR:process_memory_win.cc(73)] ReadMemory at 0x238c878a200 of 64 bytes failed: Only part of a ReadProcessMemory or WriteProcessMemory request was completed. (0x12B)
[0303/014251.797:ERROR:process_memory_win.cc(73)] ReadMemory at 0x238c878a8c0 of 132 bytes failed: Only part of a ReadProcessMemory or WriteProcessMemory request was completed. (0x12B)
[0303/014251.797:ERROR:process_memory_win.cc(73)] ReadMemory at 0x238c878a9f0 of 132 bytes failed: Only part of a ReadProcessMemory or WriteProcessMemory request was completed. (0x12B)
[0303/014251.797:ERROR:process_memory_win.cc(73)] ReadMemory at 0x238c878ab20 of 132 bytes failed: Only part of a ReadProcessMemory or WriteProcessMemory request was completed. (0x12B)
[0303/014251.797:ERROR:process_memory_win.cc(73)] ReadMemory at 0x238c878ac50 of 132 bytes failed: Only part of a ReadProcessMemory or WriteProcessMemory request was completed. (0x12B)
[0303/014251.797:ERROR:process_memory_win.cc(73)] ReadMemory at 0x238c878ad80 of 132 bytes failed: Only part of a ReadProcessMemory or WriteProcessMemory request was completed. (0x12B)
[0303/014251.797:ERROR:process_memory_win.cc(73)] ReadMemory at 0x238c878aeb0 of 132 bytes failed: Only part of a ReadProcessMemory or WriteProcessMemory request was completed. (0x12B)
[0303/014251.797:ERROR:process_memory_win.cc(73)] ReadMemory at 0x238c878afe0 of 132 bytes failed: Only part of a ReadProcessMemory or WriteProcessMemory request was completed. (0x12B)
[0303/014251.797:ERROR:process_memory_win.cc(73)] ReadMemory at 0x238c878b110 of 132 bytes failed: Only part of a ReadProcessMemory or WriteProcessMemory request was completed. (0x12B)
[0303/014251.797:ERROR:process_memory_win.cc(73)] ReadMemory at 0x238c878b240 of 132 bytes failed: Only part of a ReadProcessMemory or WriteProcessMemory request was completed. (0x12B)
[0303/014251.797:ERROR:process_memory_win.cc(73)] ReadMemory at 0x238c878b4a0 of 132 bytes failed: Only part of a ReadProcessMemory or WriteProcessMemory request was completed. (0x12B)
[0303/014251.797:ERROR:process_memory_win.cc(73)] ReadMemory at 0x238c878b5d0 of 132 bytes failed: Only part of a ReadProcessMemory or WriteProcessMemory request was completed. (0x12B)
[0303/014251.797:ERROR:process_memory_win.cc(73)] ReadMemory at 0x238c878b700 of 132 bytes failed: Only part of a ReadProcessMemory or WriteProcessMemory request was completed. (0x12B)
[0303/014251.798:ERROR:process_memory_win.cc(73)] ReadMemory at 0x238c878bff0 of 76 bytes failed: Only part of a ReadProcessMemory or WriteProcessMemory request was completed. (0x12B)
[0303/014251.798:ERROR:process_memory_win.cc(73)] ReadMemory at 0x238c878c0b0 of 80 bytes failed: Only part of a ReadProcessMemory or WriteProcessMemory request was completed. (0x12B)
[0303/014251.798:ERROR:process_memory_win.cc(73)] ReadMemory at 0x238c878d550 of 132 bytes failed: Only part of a ReadProcessMemory or WriteProcessMemory request was completed. (0x12B)
[0303/014251.798:ERROR:process_memory_win.cc(73)] ReadMemory at 0x238c878f570 of 132 bytes failed: Only part of a ReadProcessMemory or WriteProcessMemory request was completed. (0x12B)
[0303/014251.798:ERROR:process_memory_win.cc(73)] ReadMemory at 0x238c87919e0 of 132 bytes failed: Only part of a ReadProcessMemory or WriteProcessMemory request was completed. (0x12B)
[0303/014251.798:ERROR:process_memory_win.cc(73)] ReadMemory at 0x238c8791c00 of 132 bytes failed: Only part of a ReadProcessMemory or WriteProcessMemory request was completed. (0x12B)
[0303/014251.798:ERROR:process_memory_win.cc(73)] ReadMemory at 0x238c8791e20 of 132 bytes failed: Only part of a ReadProcessMemory or WriteProcessMemory request was completed. (0x12B)
[0303/014251.798:ERROR:process_memory_win.cc(73)] ReadMemory at 0x238c87944c0 of 54 bytes failed: Only part of a ReadProcessMemory or WriteProcessMemory request was completed. (0x12B)
[0303/014251.798:ERROR:process_memory_win.cc(73)] ReadMemory at 0x238c8794c20 of 132 bytes failed: Only part of a ReadProcessMemory or WriteProcessMemory request was completed. (0x12B)
[0303/014251.798:ERROR:process_memory_win.cc(73)] ReadMemory at 0x238c8794fc0 of 62 bytes failed: Only part of a ReadProcessMemory or WriteProcessMemory request was completed. (0x12B)
[0303/014251.798:ERROR:process_memory_win.cc(73)] ReadMemory at 0x238c87951a0 of 60 bytes failed: Only part of a ReadProcessMemory or WriteProcessMemory request was completed. (0x12B)
[0303/014251.798:ERROR:process_memory_win.cc(73)] ReadMemory at 0x238c8795380 of 60 bytes failed: Only part of a ReadProcessMemory or WriteProcessMemory request was completed. (0x12B)
[0303/014251.798:ERROR:process_memory_win.cc(73)] ReadMemory at 0x238c87953d0 of 62 bytes failed: Only part of a ReadProcessMemory or WriteProcessMemory request was completed. (0x12B)
[0303/014251.798:ERROR:process_memory_win.cc(73)] ReadMemory at 0x238c8795420 of 66 bytes failed: Only part of a ReadProcessMemory or WriteProcessMemory request was completed. (0x12B)
[0303/014251.799:ERROR:process_memory_win.cc(73)] ReadMemory at 0x238c8795470 of 64 bytes failed: Only part of a ReadProcessMemory or WriteProcessMemory request was completed. (0x12B)
[0303/014251.799:ERROR:process_memory_win.cc(73)] ReadMemory at 0x238c8795510 of 60 bytes failed: Only part of a ReadProcessMemory or WriteProcessMemory request was completed. (0x12B)
[0303/014251.799:ERROR:process_memory_win.cc(73)] ReadMemory at 0x238c87955b0 of 62 bytes failed: Only part of a ReadProcessMemory or WriteProcessMemory request was completed. (0x12B)
[0303/014251.799:ERROR:process_memory_win.cc(73)] ReadMemory at 0x238c8795600 of 62 bytes failed: Only part of a ReadProcessMemory or WriteProcessMemory request was completed. (0x12B)
[0303/014251.799:ERROR:process_memory_win.cc(73)] ReadMemory at 0x238c8795740 of 64 bytes failed: Only part of a ReadProcessMemory or WriteProcessMemory request was completed. (0x12B)
[0303/014251.799:ERROR:process_memory_win.cc(73)] ReadMemory at 0x238c8795790 of 62 bytes failed: Only part of a ReadProcessMemory or WriteProcessMemory request was completed. (0x12B)
[0303/014251.799:ERROR:process_memory_win.cc(73)] ReadMemory at 0x238c87957e0 of 62 bytes failed: Only part of a ReadProcessMemory or WriteProcessMemory request was completed. (0x12B)
[0303/014251.799:ERROR:process_memory_win.cc(73)] ReadMemory at 0x238c8795830 of 64 bytes failed: Only part of a ReadProcessMemory or WriteProcessMemory request was completed. (0x12B)
[0303/014251.799:ERROR:process_memory_win.cc(73)] ReadMemory at 0x238c8795880 of 62 bytes failed: Only part of a ReadProcessMemory or WriteProcessMemory request was completed. (0x12B)
[0303/014251.799:ERROR:process_memory_win.cc(73)] ReadMemory at 0x238c8795c40 of 62 bytes failed: Only part of a ReadProcessMemory or WriteProcessMemory request was completed. (0x12B)
[0303/014251.799:ERROR:process_memory_win.cc(73)] ReadMemory at 0x238c8795c90 of 58 bytes failed: Only part of a ReadProcessMemory or WriteProcessMemory request was completed. (0x12B)
[0303/014251.799:ERROR:process_memory_win.cc(73)] ReadMemory at 0x238c8795e20 of 60 bytes failed: Only part of a ReadProcessMemory or WriteProcessMemory request was completed. (0x12B)
[0303/014251.799:ERROR:process_memory_win.cc(73)] ReadMemory at 0x238c8795ec0 of 64 bytes failed: Only part of a ReadProcessMemory or WriteProcessMemory request was completed. (0x12B)
[0303/014251.799:ERROR:process_memory_win.cc(73)] ReadMemory at 0x238c8796360 of 132 bytes failed: Only part of a ReadProcessMemory or WriteProcessMemory request was completed. (0x12B)
[0303/014251.800:ERROR:process_memory_win.cc(73)] ReadMemory at 0x238c87965c0 of 132 bytes failed: Only part of a ReadProcessMemory or WriteProcessMemory request was completed. (0x12B)
[0303/014251.800:ERROR:process_memory_win.cc(73)] ReadMemory at 0x238c87966f0 of 132 bytes failed: Only part of a ReadProcessMemory or WriteProcessMemory request was completed. (0x12B)
[0303/014251.800:ERROR:process_memory_win.cc(73)] ReadMemory at 0x238c8796950 of 132 bytes failed: Only part of a ReadProcessMemory or WriteProcessMemory request was completed. (0x12B)
[0303/014251.800:ERROR:process_memory_win.cc(73)] ReadMemory at 0x238c8796a80 of 132 bytes failed: Only part of a ReadProcessMemory or WriteProcessMemory request was completed. (0x12B)
[0303/014251.800:ERROR:process_memory_win.cc(73)] ReadMemory at 0x238c8796ce0 of 132 bytes failed: Only part of a ReadProcessMemory or WriteProcessMemory request was completed. (0x12B)
[0303/014251.800:ERROR:process_memory_win.cc(73)] ReadMemory at 0x238c87972d0 of 132 bytes failed: Only part of a ReadProcessMemory or WriteProcessMemory request was completed. (0x12B)
[0303/014251.800:ERROR:process_memory_win.cc(73)] ReadMemory at 0x238c8797400 of 132 bytes failed: Only part of a ReadProcessMemory or WriteProcessMemory request was completed. (0x12B)
[0303/014251.800:ERROR:process_memory_win.cc(73)] ReadMemory at 0x238c87978c0 of 132 bytes failed: Only part of a ReadProcessMemory or WriteProcessMemory request was completed. (0x12B)
[0303/014251.800:ERROR:process_memory_win.cc(73)] ReadMemory at 0x238c87979f0 of 132 bytes failed: Only part of a ReadProcessMemory or WriteProcessMemory request was completed. (0x12B)
[0303/014251.800:ERROR:process_memory_win.cc(73)] ReadMemory at 0x238c87ad010 of 512 bytes failed: Only part of a ReadProcessMemory or WriteProcessMemory request was completed. (0x12B)
[0303/014251.800:ERROR:process_memory_win.cc(73)] ReadMemory at 0x238c87adda0 of 944 bytes failed: Only part of a ReadProcessMemory or WriteProcessMemory request was completed. (0x12B)
[0303/014251.800:ERROR:process_memory_win.cc(73)] ReadMemory at 0x238c89a1600 of 512 bytes failed: Only part of a ReadProcessMemory or WriteProcessMemory request was completed. (0x12B)
[0303/014251.801:ERROR:process_memory_win.cc(73)] ReadMemory at 0x238c8a80a30 of 512 bytes failed: Only part of a ReadProcessMemory or WriteProcessMemory request was completed. (0x12B)
[0303/014251.801:ERROR:process_memory_win.cc(73)] ReadMemory at 0x238c8a81ba0 of 512 bytes failed: Only part of a ReadProcessMemory or WriteProcessMemory request was completed. (0x12B)
[0303/014251.801:ERROR:process_memory_win.cc(73)] ReadMemory at 0x238c8a83220 of 512 bytes failed: Only part of a ReadProcessMemory or WriteProcessMemory request was completed. (0x12B)
[0303/014251.801:ERROR:process_memory_win.cc(73)] ReadMemory at 0x238c8a83460 of 512 bytes failed: Only part of a ReadProcessMemory or WriteProcessMemory request was completed. (0x12B)
[0303/014251.801:ERROR:process_memory_win.cc(73)] ReadMemory at 0x238c8a84310 of 512 bytes failed: Only part of a ReadProcessMemory or WriteProcessMemory request was completed. (0x12B)
[0303/014251.801:ERROR:process_memory_win.cc(73)] ReadMemory at 0x238c8a9b050 of 712 bytes failed: Only part of a ReadProcessMemory or WriteProcessMemory request was completed. (0x12B)
[0303/014251.801:ERROR:process_memory_win.cc(73)] ReadMemory at 0x238c8a9f580 of 512 bytes failed: Only part of a ReadProcessMemory or WriteProcessMemory request was completed. (0x12B)
[0303/014251.801:ERROR:process_memory_win.cc(73)] ReadMemory at 0x238c8ab4f58 of 1088 bytes failed: Only part of a ReadProcessMemory or WriteProcessMemory request was completed. (0x12B)
[0303/014251.801:ERROR:process_memory_win.cc(73)] ReadMemory at 0x238c8ab5c48 of 512 bytes failed: Only part of a ReadProcessMemory or WriteProcessMemory request was completed. (0x12B)
[0303/014251.801:ERROR:process_memory_win.cc(73)] ReadMemory at 0x238c8ab6818 of 512 bytes failed: Only part of a ReadProcessMemory or WriteProcessMemory request was completed. (0x12B)
[0303/014251.801:ERROR:process_memory_win.cc(73)] ReadMemory at 0x238c8c000d0 of 512 bytes failed: Only part of a ReadProcessMemory or WriteProcessMemory request was completed. (0x12B)
[0303/014251.801:ERROR:process_memory_win.cc(73)] ReadMemory at 0x238ca8f0000 of 384 bytes failed: Only part of a ReadProcessMemory or WriteProcessMemory request was completed. (0x12B)
[0303/014251.801:ERROR:process_memory_win.cc(73)] ReadMemory at 0x238ca950150 of 512 bytes failed: Only part of a ReadProcessMemory or WriteProcessMemory request was completed. (0x12B)
[0303/014251.802:ERROR:process_memory_win.cc(73)] ReadMemory at 0x238caa241e0 of 512 bytes failed: Only part of a ReadProcessMemory or WriteProcessMemory request was completed. (0x12B)
[0303/014251.802:ERROR:process_memory_win.cc(73)] ReadMemory at 0x238caaeb6d8 of 512 bytes failed: Only part of a ReadProcessMemory or WriteProcessMemory request was completed. (0x12B)
[0303/014251.802:ERROR:process_memory_win.cc(73)] ReadMemory at 0x238cafdff80 of 512 bytes failed: Only part of a ReadProcessMemory or WriteProcessMemory request was completed. (0x12B)
[0303/014251.802:ERROR:process_memory_win.cc(73)] ReadMemory at 0x559e67524260 of 512 bytes failed: Only part of a ReadProcessMemory or WriteProcessMemory request was completed. (0x12B)
[0303/014251.802:ERROR:process_memory_win.cc(73)] ReadMemory at 0x7ffc09683e3b of 512 bytes failed: Only part of a ReadProcessMemory or WriteProcessMemory request was completed. (0x12B)
[0303/014251.802:ERROR:process_memory_win.cc(73)] ReadMemory at 0x7ffc0d756d48 of 512 bytes failed: Only part of a ReadProcessMemory or WriteProcessMemory request was completed. (0x12B)
[0303/014251.802:ERROR:process_memory_win.cc(73)] ReadMemory at 0x7ffc37f8b6d0 of 512 bytes failed: Only part of a ReadProcessMemory or WriteProcessMemory request was completed. (0x12B)
[0303/014251.802:ERROR:process_memory_win.cc(73)] ReadMemory at 0x7ffc3a01c0c4 of 672 bytes failed: Only part of a ReadProcessMemory or WriteProcessMemory request was completed. (0x12B)
[0303/014251.802:ERROR:process_memory_win.cc(73)] ReadMemory at 0x7ffc3a01c6c4 of 512 bytes failed: Only part of a ReadProcessMemory or WriteProcessMemory request was completed. (0x12B)
[0303/014251.802:ERROR:process_memory_win.cc(73)] ReadMemory at 0x7ffc3a01f974 of 608 bytes failed: Only part of a ReadProcessMemory or WriteProcessMemory request was completed. (0x12B)
[0303/014251.802:ERROR:process_memory_win.cc(73)] ReadMemory at 0x7ffc3a0ac428 of 18 bytes failed: Only part of a ReadProcessMemory or WriteProcessMemory request was completed. (0x12B)
[0303/014251.802:ERROR:process_memory_win.cc(73)] ReadMemory at 0x7ffc3a0df4f8 of 40 bytes failed: Only part of a ReadProcessMemory or WriteProcessMemory request was completed. (0x12B)
[0303/014251.803:ERROR:process_memory_win.cc(73)] ReadMemory at 0x7ffc3a0df978 of 48 bytes failed: Only part of a ReadProcessMemory or WriteProcessMemory request was completed. (0x12B)
[0303/014251.803:ERROR:process_memory_win.cc(73)] ReadMemory at 0x7ffc3a0e53c0 of 64 bytes failed: Only part of a ReadProcessMemory or WriteProcessMemory request was completed. (0x12B)
[0303/014251.804:ERROR:scoped_process_suspend.cc(40)] NtResumeProcess: An attempt was made to access an exiting process. (0xc000010a)
[0303/033033.286:ERROR:process_reader_win.cc(151)] SuspendThread: Access is denied. (0x5)
[0303/033033.286:ERROR:process_reader_win.cc(151)] SuspendThread: Access is denied. (0x5)
[0303/033033.286:ERROR:exception_snapshot_win.cc(98)] thread ID 2128 not found in process
[0603/020320.117:ERROR:crash_report_database_win.cc(469)] failed to stat report
